<?xml version="1.0" encoding="UTF-8"?>
<!-- Generated by org.testng.reporters.JUnitReportReporter -->
<testsuite hostname="DESKTOP-86U2456" failures="0" tests="2" name="kalikapurs_TestRunner.kalikapurs_TestRunner" time="33.263" errors="0" timestamp="2023-10-08T23:33:50 EDT" skipped="0">
  <testcase classname="kalikapurs_TestRunner.kalikapurs_TestRunner" name="feature" time="15.995"/>
  <testcase classname="kalikapurs_TestRunner.kalikapurs_TestRunner" name="feature" time="17.268"/>
</testsuite> <!-- kalikapurs_TestRunner.kalikapurs_TestRunner -->
